<?xml version="1.0" encoding="UTF-8"?>
<testng-results ignored="0" total="1" passed="1" failed="0" skipped="0">
  <reporter-output>
  </reporter-output>
  <suite started-at="2025-06-26T16:41:12 EDT" name="Default suite" finished-at="2025-06-26T16:41:57 EDT" duration-ms="44985">
    <groups>
    </groups>
    <test started-at="2025-06-26T16:41:12 EDT" name="Default test" finished-at="2025-06-26T16:41:57 EDT" duration-ms="44985">
      <class name="Test1.helloWorld">
        <test-method signature="test()[pri:0, instance:Test1.helloWorld@4135c3b]" started-at="2025-06-26T16:41:12 EDT" name="test" finished-at="2025-06-26T16:41:57 EDT" duration-ms="44887" status="PASS">
          <reporter-output>
          </reporter-output>
        </test-method> <!-- test -->
      </class> <!-- Test1.helloWorld -->
    </test> <!-- Default test -->
  </suite> <!-- Default suite -->
</testng-results>
